<?xml version="1.0" encoding="UTF-8"?>
<!-- Generated by org.testng.reporters.JUnitReportReporter -->
<testsuite skipped="0" hostname="admin-PC" name="MagentoTest" tests="1" failures="0" timestamp="03 Feb 2019 06:16:55 GMT" time="69.833" errors="0">
  <testcase name="test" time="69.833" classname="MagentoTest"/>
</testsuite> <!-- MagentoTest -->
